-------------------------------------------------------------------------------
Test set: RunCucumberTest
-------------------------------------------------------------------------------
Tests run: 22, Failures: 10, Errors: 0, Skipped: 0, Time elapsed: 369.311 s <<< FAILURE! - in RunCucumberTest
Create quality checklist with required values is blank(Create Quality Checklist)  Time elapsed: 21.209 s  <<< FAILURE!
java.lang.AssertionError: Can't display alert message

Create quality checklist with content of checklist already exist.(Create Quality Checklist)  Time elapsed: 20.75 s  <<< FAILURE!
java.lang.AssertionError: Can't display alert message

Create quality checklist failed when not select qualityCP(Create Quality Checklist)  Time elapsed: 10.162 s  <<< FAILURE!
java.lang.AssertionError: The message is not displayed

Create quality control point with valid Value(Create Quality Control Point)  Time elapsed: 18.211 s  <<< FAILURE!
java.lang.AssertionError: The message is not displayed

Delete quality control point(Search Quality Control Point #1)  Time elapsed: 18.882 s  <<< FAILURE!
java.lang.AssertionError: The message is not displayed

Read quality checklist(Read Quality Checklist #2)  Time elapsed: 11.659 s  <<< FAILURE!
java.lang.AssertionError: The content of the list could not be found

Update quality checklist with valid Value(Update Quality Checklist)  Time elapsed: 11.431 s  <<< FAILURE!
java.lang.AssertionError: The content of the list could not be found

Update quality checklist with required values is blank(Update Quality Checklist)  Time elapsed: 12.197 s  <<< FAILURE!
java.lang.AssertionError: The content of the list could not be found

Update quality checklist with content of checklist already exist.(Update Quality Checklist)  Time elapsed: 11.57 s  <<< FAILURE!
java.lang.AssertionError: The content of the list could not be found

Update quality checklist failed when canceling create operation(Update Quality Checklist)  Time elapsed: 12.001 s  <<< FAILURE!
java.lang.AssertionError: The content of the list could not be found

