<?xml version="1.0" encoding="UTF-8"?>
<testsuite xmlns:xsi="http://www.w3.org/2001/XMLSchema-instance" xsi:noNamespaceSchemaLocation="https://maven.apache.org/surefire/maven-surefire-plugin/xsd/surefire-test-report.xsd" name="RunCucumberTest" time="369.311" tests="22" errors="0" skipped="0" failures="10">
  <properties>
[...]
</properties>
  <testcase name="Create quality checklist with valid Value" classname="Create Quality Checklist" time="33.005"/>
  <testcase name="Create quality checklist with required values is blank" classname="Create Quality Checklist" time="21.209">
    <failure message="Can&apos;t display alert message" type="java.lang.AssertionError">java.lang.AssertionError: Can't display alert message
</failure>
    <system-err><![CDATA[Starting ChromeDriver 90.0.4430.24 (4c6d850f087da467d926e8eddb76550aed655991-refs/branch-heads/4430@{#429}) on port 29414
Only local connections are allowed.
Please see https://chromedriver.chromium.org/security-considerations for suggestions on keeping ChromeDriver safe.
ChromeDriver was started successfully.
[1625102617.476][WARNING]: This version of ChromeDriver has not been tested with Chrome version 91.
Jul 01, 2021 8:23:37 AM org.openqa.selenium.remote.ProtocolHandshake createSession
INFO: Detected dialect: W3C
]]></system-err>
  </testcase>
  <testcase name="Create quality checklist with content of checklist already exist." classname="Create Quality Checklist" time="20.75">
    <failure message="Can&apos;t display alert message" type="java.lang.AssertionError">java.lang.AssertionError: Can't display alert message
</failure>
    <system-err><![CDATA[Starting ChromeDriver 90.0.4430.24 (4c6d850f087da467d926e8eddb76550aed655991-refs/branch-heads/4430@{#429}) on port 40319
Only local connections are allowed.
Please see https://chromedriver.chromium.org/security-considerations for suggestions on keeping ChromeDriver safe.
ChromeDriver was started successfully.
[1625102638.738][WARNING]: This version of ChromeDriver has not been tested with Chrome version 91.
Jul 01, 2021 8:23:58 AM org.openqa.selenium.remote.ProtocolHandshake createSession
INFO: Detected dialect: W3C
]]></system-err>
  </testcase>
  <testcase name="Create quality checklist failed when canceling create operation" classname="Create Quality Checklist" time="16.115"/>
  <testcase name="Create quality checklist failed when not select item" classname="Create Quality Checklist" time="15.705"/>
  <testcase name="Create quality checklist failed when not select qualityCP" classname="Create Quality Checklist" time="10.162">
    <failure message="The message is not displayed" type="java.lang.AssertionError">java.lang.AssertionError: The message is not displayed
</failure>
    <system-err><![CDATA[Starting ChromeDriver 90.0.4430.24 (4c6d850f087da467d926e8eddb76550aed655991-refs/branch-heads/4430@{#429}) on port 20859
Only local connections are allowed.
Please see https://chromedriver.chromium.org/security-considerations for suggestions on keeping ChromeDriver safe.
ChromeDriver was started successfully.
[1625102691.406][WARNING]: This version of ChromeDriver has not been tested with Chrome version 91.
Jul 01, 2021 8:24:51 AM org.openqa.selenium.remote.ProtocolHandshake createSession
INFO: Detected dialect: W3C
]]></system-err>
  </testcase>
  <testcase name="Create quality control point with valid Value" classname="Create Quality Control Point" time="18.211">
    <failure message="The message is not displayed" type="java.lang.AssertionError">java.lang.AssertionError: The message is not displayed
</failure>
    <system-err><![CDATA[Starting ChromeDriver 90.0.4430.24 (4c6d850f087da467d926e8eddb76550aed655991-refs/branch-heads/4430@{#429}) on port 22771
Only local connections are allowed.
Please see https://chromedriver.chromium.org/security-considerations for suggestions on keeping ChromeDriver safe.
ChromeDriver was started successfully.
[1625102701.351][WARNING]: This version of ChromeDriver has not been tested with Chrome version 91.
Jul 01, 2021 8:25:01 AM org.openqa.selenium.remote.ProtocolHandshake createSession
INFO: Detected dialect: W3C
]]></system-err>
  </testcase>
  <testcase name="Create quality control point with required values is blank" classname="Create Quality Control Point" time="10.76"/>
  <testcase name="Create quality control point with name already exist." classname="Create Quality Control Point" time="10.817"/>
  <testcase name="Create quality control point failed when canceling create operation" classname="Create Quality Control Point" time="26.628"/>
  <testcase name="Create quality control point failed when can&apos;t choose item" classname="Create Quality Control Point" time="15.985"/>
  <testcase name="Read quality checklist" classname="Read Quality Checklist #1" time="22.775"/>
  <testcase name="Delete failed when canceling create operation" classname="Read Quality Checklist #1" time="20.263"/>
  <testcase name="Delete quality control point" classname="Search Quality Control Point #1" time="18.882">
    <failure message="The message is not displayed" type="java.lang.AssertionError">java.lang.AssertionError: The message is not displayed
</failure>
    <system-out><![CDATA[QualityCPName - /ojlCN
]]></system-out>
    <system-err><![CDATA[Starting ChromeDriver 90.0.4430.24 (4c6d850f087da467d926e8eddb76550aed655991-refs/branch-heads/4430@{#429}) on port 32058
Only local connections are allowed.
Please see https://chromedriver.chromium.org/security-considerations for suggestions on keeping ChromeDriver safe.
ChromeDriver was started successfully.
[1625102826.699][WARNING]: This version of ChromeDriver has not been tested with Chrome version 91.
Jul 01, 2021 8:27:06 AM org.openqa.selenium.remote.ProtocolHandshake createSession
INFO: Detected dialect: W3C
]]></system-err>
  </testcase>
  <testcase name="Delete failed when canceling create operation" classname="Search Quality Control Point #1" time="20.916"/>
  <testcase name="Read quality checklist" classname="Read Quality Checklist #2" time="11.659">
    <failure message="The content of the list could not be found" type="java.lang.AssertionError">java.lang.AssertionError: The content of the list could not be found
</failure>
    <system-err><![CDATA[Starting ChromeDriver 90.0.4430.24 (4c6d850f087da467d926e8eddb76550aed655991-refs/branch-heads/4430@{#429}) on port 13142
Only local connections are allowed.
Please see https://chromedriver.chromium.org/security-considerations for suggestions on keeping ChromeDriver safe.
ChromeDriver was started successfully.
[1625102866.505][WARNING]: This version of ChromeDriver has not been tested with Chrome version 91.
Jul 01, 2021 8:27:46 AM org.openqa.selenium.remote.ProtocolHandshake createSession
INFO: Detected dialect: W3C
]]></system-err>
  </testcase>
  <testcase name="Search quality control point with item and qualityCP Valid" classname="Search Quality Control Point #2" time="11.099"/>
  <testcase name="Search quality control point when not selected qualityCP" classname="Search Quality Control Point #2" time="16.196"/>
  <testcase name="Update quality checklist with valid Value" classname="Update Quality Checklist" time="11.431">
    <failure message="The content of the list could not be found" type="java.lang.AssertionError">java.lang.AssertionError: The content of the list could not be found
</failure>
    <system-err><![CDATA[Starting ChromeDriver 90.0.4430.24 (4c6d850f087da467d926e8eddb76550aed655991-refs/branch-heads/4430@{#429}) on port 7252
Only local connections are allowed.
Please see https://chromedriver.chromium.org/security-considerations for suggestions on keeping ChromeDriver safe.
ChromeDriver was started successfully.
[1625102905.473][WARNING]: This version of ChromeDriver has not been tested with Chrome version 91.
Jul 01, 2021 8:28:25 AM org.openqa.selenium.remote.ProtocolHandshake createSession
INFO: Detected dialect: W3C
]]></system-err>
  </testcase>
  <testcase name="Update quality checklist with required values is blank" classname="Update Quality Checklist" time="12.197">
    <failure message="The content of the list could not be found" type="java.lang.AssertionError">java.lang.AssertionError: The content of the list could not be found
</failure>
    <system-err><![CDATA[Starting ChromeDriver 90.0.4430.24 (4c6d850f087da467d926e8eddb76550aed655991-refs/branch-heads/4430@{#429}) on port 3910
Only local connections are allowed.
Please see https://chromedriver.chromium.org/security-considerations for suggestions on keeping ChromeDriver safe.
ChromeDriver was started successfully.
[1625102917.430][WARNING]: This version of ChromeDriver has not been tested with Chrome version 91.
Jul 01, 2021 8:28:37 AM org.openqa.selenium.remote.ProtocolHandshake createSession
INFO: Detected dialect: W3C
]]></system-err>
  </testcase>
  <testcase name="Update quality checklist with content of checklist already exist." classname="Update Quality Checklist" time="11.57">
    <failure message="The content of the list could not be found" type="java.lang.AssertionError">java.lang.AssertionError: The content of the list could not be found
</failure>
    <system-err><![CDATA[Starting ChromeDriver 90.0.4430.24 (4c6d850f087da467d926e8eddb76550aed655991-refs/branch-heads/4430@{#429}) on port 27298
Only local connections are allowed.
Please see https://chromedriver.chromium.org/security-considerations for suggestions on keeping ChromeDriver safe.
ChromeDriver was started successfully.
[1625102929.076][WARNING]: This version of ChromeDriver has not been tested with Chrome version 91.
Jul 01, 2021 8:28:49 AM org.openqa.selenium.remote.ProtocolHandshake createSession
INFO: Detected dialect: W3C
]]></system-err>
  </testcase>
  <testcase name="Update quality checklist failed when canceling create operation" classname="Update Quality Checklist" time="12.001">
    <failure message="The content of the list could not be found" type="java.lang.AssertionError">java.lang.AssertionError: The content of the list could not be found
</failure>
    <system-err><![CDATA[Starting ChromeDriver 90.0.4430.24 (4c6d850f087da467d926e8eddb76550aed655991-refs/branch-heads/4430@{#429}) on port 15363
Only local connections are allowed.
Please see https://chromedriver.chromium.org/security-considerations for suggestions on keeping ChromeDriver safe.
ChromeDriver was started successfully.
[1625102940.763][WARNING]: This version of ChromeDriver has not been tested with Chrome version 91.
Jul 01, 2021 8:29:00 AM org.openqa.selenium.remote.ProtocolHandshake createSession
INFO: Detected dialect: W3C
]]></system-err>
  </testcase>
</testsuite>